<?xml version="1.0" encoding="utf-8"?><testsuites name="pytest tests"><testsuite name="pytest" errors="0" failures="0" skipped="0" tests="25" time="9.373" timestamp="2026-04-18T17:46:49.515491+00:00" hostname="agent-env-868e14f8-319b-4be6-b8cc-8a38107110bd"><testcase classname="tests.test_auth.TestAuth" name="test_register_new_user" time="0.378" /><testcase classname="tests.test_auth.TestAuth" name="test_register_duplicate_email" time="0.105" /><testcase classname="tests.test_auth.TestAuth" name="test_login_success" time="0.336" /><testcase classname="tests.test_auth.TestAuth" name="test_login_wrong_password" time="0.331" /><testcase classname="tests.test_auth.TestAuth" name="test_login_nonexistent_user" time="0.100" /><testcase classname="tests.test_auth.TestAuth" name="test_get_me_with_token" time="0.382" /><testcase classname="tests.test_auth.TestAuth" name="test_get_me_without_token" time="0.126" /><testcase classname="tests.test_auth.TestAuth" name="test_refresh_token" time="0.414" /><testcase classname="tests.test_auth.TestAuth" name="test_update_user_preferences" time="0.482" /><testcase classname="tests.test_events.TestEvents" name="test_get_events_today_basic" time="0.383" /><testcase classname="tests.test_events.TestEvents" name="test_events_italian_user" time="0.460" /><testcase classname="tests.test_events.TestEvents" name="test_events_spanish_user" time="0.520" /><testcase classname="tests.test_events.TestEvents" name="test_filter_by_category" time="0.399" /><testcase classname="tests.test_events.TestEvents" name="test_filter_by_decade" time="0.400" /><testcase classname="tests.test_events.TestEvents" name="test_filter_by_scope_global" time="0.389" /><testcase classname="tests.test_events.TestEvents" name="test_filter_by_scope_local" time="0.413" /><testcase classname="tests.test_events.TestEvents" name="test_get_categories" time="0.387" /><testcase classname="tests.test_health.TestHealth" name="test_root_endpoint" time="0.126" /><testcase classname="tests.test_interactions.TestInteractions" name="test_like_event" time="0.461" /><testcase classname="tests.test_interactions.TestInteractions" name="test_like_dislike_mutual_exclusivity" time="0.554" /><testcase classname="tests.test_interactions.TestInteractions" name="test_like_toggle_idempotency" time="0.515" /><testcase classname="tests.test_interactions.TestInteractions" name="test_save_event" time="0.429" /><testcase classname="tests.test_interactions.TestInteractions" name="test_unsave_event" time="0.471" /><testcase classname="tests.test_interactions.TestInteractions" name="test_get_favorites" time="0.384" /><testcase classname="tests.test_interactions.TestInteractions" name="test_get_stats" time="0.386" /></testsuite></testsuites>